<?xml version="1.0" encoding="UTF-8"?>
<testsuite name="com.example.weeklyjpa.JPATest" tests="1" skipped="0" failures="0" errors="0" timestamp="2023-07-26T06:07:33" hostname="jojaehyeon-ui-MacBookPro.local" time="0.565">
  <properties/>
  <testcase name="고객 정보 삭제에 성공한다." classname="com.example.weeklyjpa.JPATest" time="0.565"/>
  <system-out><![CDATA[15:07:31.719 [Test worker] INFO org.springframework.test.context.support.AnnotationConfigContextLoaderUtils -- Could not detect default configuration classes for test class [com.example.weeklyjpa.JPATest]: JPATest does not declare any static, non-private, non-final, nested classes annotated with @Configuration.
15:07:31.782 [Test worker] INFO org.springframework.boot.test.context.SpringBootTestContextBootstrapper -- Found @SpringBootConfiguration com.example.weeklyjpa.WeeklyJpaApplication for test class com.example.weeklyjpa.JPATest

  .   ____          _            __ _ _
 /\\ / ___'_ __ _ _(_)_ __  __ _ \ \ \ \
( ( )\___ | '_ | '_| | '_ \/ _` | \ \ \ \
 \\/  ___)| |_)| | | | | || (_| |  ) ) ) )
  '  |____| .__|_| |_|_| |_\__, | / / / /
 =========|_|==============|___/=/_/_/_/
 :: Spring Boot ::                (v3.1.2)

2023-07-26T15:07:32.012+09:00  INFO 3252 --- [    Test worker] com.example.weeklyjpa.JPATest            : Starting JPATest using Java 17.0.5 with PID 3252 (started by continue in /Users/continue/Desktop/spring/devcourse/springjpa/springboot-jpa)
2023-07-26T15:07:32.013+09:00  INFO 3252 --- [    Test worker] com.example.weeklyjpa.JPATest            : No active profile set, falling back to 1 default profile: "default"
2023-07-26T15:07:32.198+09:00  INFO 3252 --- [    Test worker] .s.d.r.c.RepositoryConfigurationDelegate : Bootstrapping Spring Data JPA repositories in DEFAULT mode.
2023-07-26T15:07:32.228+09:00  INFO 3252 --- [    Test worker] .s.d.r.c.RepositoryConfigurationDelegate : Finished Spring Data repository scanning in 24 ms. Found 1 JPA repository interfaces.
2023-07-26T15:07:32.267+09:00  INFO 3252 --- [    Test worker] beddedDataSourceBeanFactoryPostProcessor : Replacing 'dataSource' DataSource bean with embedded version
2023-07-26T15:07:32.355+09:00  INFO 3252 --- [    Test worker] o.s.j.d.e.EmbeddedDatabaseFactory        : Starting embedded database: url='jdbc:h2:mem:d2a9104c-876b-4106-86ea-7f5150c35c4b;DB_CLOSE_DELAY=-1;DB_CLOSE_ON_EXIT=false', username='sa'
2023-07-26T15:07:32.537+09:00  INFO 3252 --- [    Test worker] o.hibernate.jpa.internal.util.LogHelper  : HHH000204: Processing PersistenceUnitInfo [name: default]
2023-07-26T15:07:32.570+09:00  INFO 3252 --- [    Test worker] org.hibernate.Version                    : HHH000412: Hibernate ORM core version 6.2.6.Final
2023-07-26T15:07:32.571+09:00  INFO 3252 --- [    Test worker] org.hibernate.cfg.Environment            : HHH000406: Using bytecode reflection optimizer
2023-07-26T15:07:32.649+09:00  INFO 3252 --- [    Test worker] o.h.b.i.BytecodeProviderInitiator        : HHH000021: Bytecode provider name : bytebuddy
2023-07-26T15:07:32.731+09:00  INFO 3252 --- [    Test worker] o.s.o.j.p.SpringPersistenceUnitInfo      : No LoadTimeWeaver setup: ignoring JPA class transformer
2023-07-26T15:07:32.866+09:00  INFO 3252 --- [    Test worker] o.h.b.i.BytecodeProviderInitiator        : HHH000021: Bytecode provider name : bytebuddy
2023-07-26T15:07:33.202+09:00  INFO 3252 --- [    Test worker] o.h.e.t.j.p.i.JtaPlatformInitiator       : HHH000490: Using JtaPlatform implementation: [org.hibernate.engine.transaction.jta.platform.internal.NoJtaPlatform]
Hibernate: drop table if exists customers cascade 
Hibernate: drop sequence if exists customers_seq
Hibernate: create sequence customers_seq start with 1 increment by 50
Hibernate: create table customers (id bigint not null, first_name varchar(255) not null, last_name varchar(255) not null, primary key (id))
2023-07-26T15:07:33.222+09:00  INFO 3252 --- [    Test worker] j.LocalContainerEntityManagerFactoryBean : Initialized JPA EntityManagerFactory for persistence unit 'default'
2023-07-26T15:07:33.402+09:00  INFO 3252 --- [    Test worker] com.example.weeklyjpa.JPATest            : Started JPATest in 1.578 seconds (process running for 2.197)
Hibernate: select next value for customers_seq
Hibernate: insert into customers (first_name,last_name,id) values (?,?,?)
Hibernate: delete from customers where id=?
Hibernate: select count(*) from customers c1_0 where c1_0.id=?
Hibernate: select c1_0.id,c1_0.first_name,c1_0.last_name from customers c1_0
]]></system-out>
  <system-err><![CDATA[]]></system-err>
</testsuite>
