<?xml version="1.0" encoding="UTF-8"?>
<testsuite name="com.example.weeklyjpa.PersistenceContextTest" tests="1" skipped="0" failures="0" errors="0" timestamp="2023-07-26T06:44:51" hostname="jojaehyeon-ui-MacBookPro.local" time="0.434">
  <properties/>
  <testcase name="저장()" classname="com.example.weeklyjpa.PersistenceContextTest" time="0.434"/>
  <system-out><![CDATA[15:44:49.687 [Test worker] INFO org.springframework.test.context.support.AnnotationConfigContextLoaderUtils -- Could not detect default configuration classes for test class [com.example.weeklyjpa.PersistenceContextTest]: PersistenceContextTest does not declare any static, non-private, non-final, nested classes annotated with @Configuration.
15:44:49.751 [Test worker] INFO org.springframework.boot.test.context.SpringBootTestContextBootstrapper -- Found @SpringBootConfiguration com.example.weeklyjpa.WeeklyJpaApplication for test class com.example.weeklyjpa.PersistenceContextTest

  .   ____          _            __ _ _
 /\\ / ___'_ __ _ _(_)_ __  __ _ \ \ \ \
( ( )\___ | '_ | '_| | '_ \/ _` | \ \ \ \
 \\/  ___)| |_)| | | | | || (_| |  ) ) ) )
  '  |____| .__|_| |_|_| |_\__, | / / / /
 =========|_|==============|___/=/_/_/_/
 :: Spring Boot ::                (v3.1.2)

2023-07-26T15:44:50.003+09:00  INFO 3640 --- [    Test worker] c.e.weeklyjpa.PersistenceContextTest     : Starting PersistenceContextTest using Java 17.0.5 with PID 3640 (started by continue in /Users/continue/Desktop/spring/devcourse/springjpa/springboot-jpa)
2023-07-26T15:44:50.004+09:00  INFO 3640 --- [    Test worker] c.e.weeklyjpa.PersistenceContextTest     : No active profile set, falling back to 1 default profile: "default"
2023-07-26T15:44:50.201+09:00  INFO 3640 --- [    Test worker] .s.d.r.c.RepositoryConfigurationDelegate : Bootstrapping Spring Data JPA repositories in DEFAULT mode.
2023-07-26T15:44:50.230+09:00  INFO 3640 --- [    Test worker] .s.d.r.c.RepositoryConfigurationDelegate : Finished Spring Data repository scanning in 24 ms. Found 1 JPA repository interfaces.
2023-07-26T15:44:50.268+09:00  INFO 3640 --- [    Test worker] beddedDataSourceBeanFactoryPostProcessor : Replacing 'dataSource' DataSource bean with embedded version
2023-07-26T15:44:50.363+09:00  INFO 3640 --- [    Test worker] o.s.j.d.e.EmbeddedDatabaseFactory        : Starting embedded database: url='jdbc:h2:mem:4ecd83a9-0dde-4dd9-9d9c-0a0113356e69;DB_CLOSE_DELAY=-1;DB_CLOSE_ON_EXIT=false', username='sa'
2023-07-26T15:44:50.551+09:00  INFO 3640 --- [    Test worker] o.hibernate.jpa.internal.util.LogHelper  : HHH000204: Processing PersistenceUnitInfo [name: default]
2023-07-26T15:44:50.594+09:00  INFO 3640 --- [    Test worker] org.hibernate.Version                    : HHH000412: Hibernate ORM core version 6.2.6.Final
2023-07-26T15:44:50.595+09:00  INFO 3640 --- [    Test worker] org.hibernate.cfg.Environment            : HHH000406: Using bytecode reflection optimizer
2023-07-26T15:44:50.686+09:00  INFO 3640 --- [    Test worker] o.h.b.i.BytecodeProviderInitiator        : HHH000021: Bytecode provider name : bytebuddy
2023-07-26T15:44:50.775+09:00  INFO 3640 --- [    Test worker] o.s.o.j.p.SpringPersistenceUnitInfo      : No LoadTimeWeaver setup: ignoring JPA class transformer
2023-07-26T15:44:50.926+09:00  INFO 3640 --- [    Test worker] o.h.b.i.BytecodeProviderInitiator        : HHH000021: Bytecode provider name : bytebuddy
2023-07-26T15:44:51.331+09:00  INFO 3640 --- [    Test worker] o.h.e.t.j.p.i.JtaPlatformInitiator       : HHH000490: Using JtaPlatform implementation: [org.hibernate.engine.transaction.jta.platform.internal.NoJtaPlatform]
Hibernate: drop table if exists customers cascade 
Hibernate: drop table if exists orders cascade 
Hibernate: drop sequence if exists customers_seq
Hibernate: create sequence customers_seq start with 1 increment by 50
Hibernate: create table customers (id bigint not null, first_name varchar(255) not null, last_name varchar(255) not null, primary key (id))
Hibernate: create table orders (id bigint not null, primary key (id))
2023-07-26T15:44:51.353+09:00  INFO 3640 --- [    Test worker] j.LocalContainerEntityManagerFactoryBean : Initialized JPA EntityManagerFactory for persistence unit 'default'
2023-07-26T15:44:51.542+09:00  INFO 3640 --- [    Test worker] c.e.weeklyjpa.PersistenceContextTest     : Started PersistenceContextTest in 1.744 seconds (process running for 2.342)
Hibernate: select c1_0.id,c1_0.first_name,c1_0.last_name from customers c1_0
Hibernate: select next value for customers_seq
Hibernate: insert into customers (first_name,last_name,id) values (?,?,?)
]]></system-out>
  <system-err><![CDATA[]]></system-err>
</testsuite>
